business/main/impl/build/intermediates/manifest_merge_blame_file/debug/manifest-merger-blame-debug-report.txt
1<?xml version="1.0" encoding="utf-8"?>
2<manifest xmlns:android="http://schemas.android.com/apk/res/android"
3    package="com.main.impl" >
4
5    <uses-sdk android:minSdkVersion="24" />
5-->src/main/AndroidManifest.xml
6
7    <application>
7-->src/main/AndroidManifest.xml:3:5-5:19
8        <activity
8-->src/main/AndroidManifest.xml:4:9-82
9            android:name="com.main.HomeActivity"
9-->src/main/AndroidManifest.xml:4:19-55
10            android:exported="false" />
10-->src/main/AndroidManifest.xml:4:56-80
11    </application>
12
13</manifest>